<?xml version="1.0" encoding="UTF-8"?>
<!-- Generated by org.testng.reporters.JUnitReportReporter -->
<testsuite hostname="WIN-BVRET0KIAI3" name="TestCases.TestHomePage" tests="1" failures="0" timestamp="4 Nov 2014 10:18:12 GMT" time="0.160" errors="0">
  <testcase name="HomePage" time="0.160" classname="TestCases.TestHomePage"/>
</testsuite> <!-- TestCases.TestHomePage -->
